# JRE version: OpenJDK Runtime Environment (11.0.12+7) (build 11.0.12+7-b1504.28-7817840)
# Java VM: OpenJDK 64-Bit Server VM (11.0.12+7-b1504.28-7817840, mixed mode, tiered, compressed oops, g1 gc, windows-amd64)
Heap:
 garbage-first heap   total 167936K, used 120140K [0x0000000080000000, 0x0000000100000000)
  region size 1024K, 60 young (61440K), 9 survivors (9216K)
 Metaspace       used 78801K, capacity 80664K, committed 80776K, reserved 1120256K
  class space    used 10269K, capacity 10935K, committed 10960K, reserved 1048576K
GC Heap History (20 events):
Event: 3.835 GC heap before
{Heap before GC invocations=10 (full 0):
 garbage-first heap   total 115712K, used 79841K [0x0000000080000000, 0x0000000100000000)
  region size 1024K, 60 young (61440K), 6 survivors (6144K)
 Metaspace       used 39442K, capacity 40372K, committed 40528K, reserved 1085440K
  class space    used 5055K, capacity 5386K, committed 5456K, reserved 1048576K
}
Event: 3.846 GC heap after
{Heap after GC invocations=11 (full 0):
 garbage-first heap   total 115712K, used 27095K [0x0000000080000000, 0x0000000100000000)
  region size 1024K, 8 young (8192K), 8 survivors (8192K)
 Metaspace       used 39442K, capacity 40372K, committed 40528K, reserved 1085440K
  class space    used 5055K, capacity 5386K, committed 5456K, reserved 1048576K
}
Event: 4.976 GC heap before
{Heap before GC invocations=11 (full 0):
 garbage-first heap   total 115712K, used 81367K [0x0000000080000000, 0x0000000100000000)
  region size 1024K, 61 young (62464K), 8 survivors (8192K)
 Metaspace       used 44425K, capacity 45508K, committed 45776K, reserved 1089536K
  class space    used 5694K, capacity 6062K, committed 6096K, reserved 1048576K
}
Event: 4.987 GC heap after
{Heap after GC invocations=12 (full 0):
 garbage-first heap   total 115712K, used 30776K [0x0000000080000000, 0x0000000100000000)
  region size 1024K, 8 young (8192K), 8 survivors (8192K)
 Metaspace       used 44425K, capacity 45508K, committed 45776K, reserved 1089536K
  class space    used 5694K, capacity 6062K, committed 6096K, reserved 1048576K
}
Event: 6.331 GC heap before
{Heap before GC invocations=12 (full 0):
 garbage-first heap   total 115712K, used 84024K [0x0000000080000000, 0x0000000100000000)
  region size 1024K, 60 young (61440K), 8 survivors (8192K)
 Metaspace       used 48058K, capacity 49348K, committed 49488K, reserved 1091584K
  class space    used 6168K, capacity 6641K, committed 6736K, reserved 1048576K
}
Event: 6.338 GC heap after
{Heap after GC invocations=13 (full 0):
 garbage-first heap   total 115712K, used 32579K [0x0000000080000000, 0x0000000100000000)
  region size 1024K, 6 young (6144K), 6 survivors (6144K)
 Metaspace       used 48058K, capacity 49348K, committed 49488K, reserved 1091584K
  class space    used 6168K, capacity 6641K, committed 6736K, reserved 1048576K
}
Event: 7.205 GC heap before
{Heap before GC invocations=13 (full 0):
 garbage-first heap   total 115712K, used 95043K [0x0000000080000000, 0x0000000100000000)
  region size 1024K, 59 young (60416K), 6 survivors (6144K)
 Metaspace       used 49377K, capacity 50783K, committed 50896K, reserved 1093632K
  class space    used 6328K, capacity 6798K, committed 6864K, reserved 1048576K
}
Event: 7.215 GC heap after
{Heap after GC invocations=14 (full 0):
 garbage-first heap   total 139264K, used 50783K [0x0000000080000000, 0x0000000100000000)
  region size 1024K, 8 young (8192K), 8 survivors (8192K)
 Metaspace       used 49377K, capacity 50783K, committed 50896K, reserved 1093632K
  class space    used 6328K, capacity 6798K, committed 6864K, reserved 1048576K
}
Event: 7.823 GC heap before
{Heap before GC invocations=14 (full 0):
 garbage-first heap   total 139264K, used 105055K [0x0000000080000000, 0x0000000100000000)
  region size 1024K, 61 young (62464K), 8 survivors (8192K)
 Metaspace       used 57251K, capacity 58717K, committed 58832K, reserved 1099776K
  class space    used 7277K, capacity 7780K, committed 7888K, reserved 1048576K
}
Event: 7.830 GC heap after
{Heap after GC invocations=15 (full 0):
 garbage-first heap   total 139264K, used 53005K [0x0000000080000000, 0x0000000100000000)
  region size 1024K, 3 young (3072K), 3 survivors (3072K)
 Metaspace       used 57251K, capacity 58717K, committed 58832K, reserved 1099776K
  class space    used 7277K, capacity 7780K, committed 7888K, reserved 1048576K
}
Event: 7.954 GC heap before
{Heap before GC invocations=15 (full 0):
 garbage-first heap   total 139264K, used 64269K [0x0000000080000000, 0x0000000100000000)
  region size 1024K, 15 young (15360K), 3 survivors (3072K)
 Metaspace       used 58618K, capacity 60141K, committed 60296K, reserved 1101824K
  class space    used 7478K, capacity 8039K, committed 8144K, reserved 1048576K
}
Event: 7.958 GC heap after
{Heap after GC invocations=16 (full 0):
 garbage-first heap   total 139264K, used 52996K [0x0000000080000000, 0x0000000100000000)
  region size 1024K, 3 young (3072K), 3 survivors (3072K)
 Metaspace       used 58618K, capacity 60141K, committed 60296K, reserved 1101824K
  class space    used 7478K, capacity 8039K, committed 8144K, reserved 1048576K
}
Event: 8.540 GC heap before
{Heap before GC invocations=17 (full 0):
 garbage-first heap   total 139264K, used 107268K [0x0000000080000000, 0x0000000100000000)
  region size 1024K, 57 young (58368K), 3 survivors (3072K)
 Metaspace       used 64101K, capacity 65684K, committed 66056K, reserved 1105920K
  class space    used 8123K, capacity 8665K, committed 8784K, reserved 1048576K
}
Event: 8.547 GC heap after
{Heap after GC invocations=18 (full 0):
 garbage-first heap   total 139264K, used 57646K [0x0000000080000000, 0x0000000100000000)
  region size 1024K, 7 young (7168K), 7 survivors (7168K)
 Metaspace       used 64101K, capacity 65684K, committed 66056K, reserved 1105920K
  class space    used 8123K, capacity 8665K, committed 8784K, reserved 1048576K
}
Event: 9.161 GC heap before
{Heap before GC invocations=19 (full 0):
 garbage-first heap   total 139264K, used 110894K [0x0000000080000000, 0x0000000100000000)
  region size 1024K, 59 young (60416K), 7 survivors (7168K)
 Metaspace       used 67884K, capacity 69558K, committed 69640K, reserved 1110016K
  class space    used 8641K, capacity 9221K, committed 9296K, reserved 1048576K
}
Event: 9.170 GC heap after
{Heap after GC invocations=20 (full 0):
 garbage-first heap   total 139264K, used 61102K [0x0000000080000000, 0x0000000100000000)
  region size 1024K, 4 young (4096K), 4 survivors (4096K)
 Metaspace       used 67884K, capacity 69558K, committed 69640K, reserved 1110016K
  class space    used 8641K, capacity 9221K, committed 9296K, reserved 1048576K
}
Event: 9.770 GC heap before
{Heap before GC invocations=20 (full 0):
 garbage-first heap   total 139264K, used 111278K [0x0000000080000000, 0x0000000100000000)
  region size 1024K, 53 young (54272K), 4 survivors (4096K)
 Metaspace       used 70021K, capacity 71649K, committed 71944K, reserved 1112064K
  class space    used 8911K, capacity 9491K, committed 9552K, reserved 1048576K
}
Event: 9.777 GC heap after
{Heap after GC invocations=21 (full 0):
 garbage-first heap   total 167936K, used 64547K [0x0000000080000000, 0x0000000100000000)
  region size 1024K, 7 young (7168K), 7 survivors (7168K)
 Metaspace       used 70021K, capacity 71649K, committed 71944K, reserved 1112064K
  class space    used 8911K, capacity 9491K, committed 9552K, reserved 1048576K
}
Event: 10.625 GC heap before
{Heap before GC invocations=21 (full 0):
 garbage-first heap   total 167936K, used 128035K [0x0000000080000000, 0x0000000100000000)
  region size 1024K, 69 young (70656K), 7 survivors (7168K)
 Metaspace       used 74711K, capacity 76399K, committed 76552K, reserved 1116160K
  class space    used 9698K, capacity 10299K, committed 10320K, reserved 1048576K
}
Event: 10.632 GC heap after
{Heap after GC invocations=22 (full 0):
 garbage-first heap   total 167936K, used 68940K [0x0000000080000000, 0x0000000100000000)
  region size 1024K, 9 young (9216K), 9 survivors (9216K)
 Metaspace       used 74711K, capacity 76399K, committed 76552K, reserved 1116160K
  class space    used 9698K, capacity 10299K, committed 10320K, reserved 1048576K
}

